2025-07-05T12:46:29.929+05:30  INFO 15872 --- [Movie-Catalog-Service] [main] m.MovieCatalogServiceApplication         : Starting MovieCatalogServiceApplication using Java 21.0.6 with PID 15872 (D:\JavaProjects\SpringBootProjects\Movie-Catalog\target\classes started by Kiran in D:\JavaProjects\SpringBootProjects\Movie-Catalog)
2025-07-05T12:46:29.932+05:30  INFO 15872 --- [Movie-Catalog-Service] [main] m.MovieCatalogServiceApplication         : No active profile set, falling back to 1 default profile: "default"
2025-07-05T12:46:31.789+05:30  INFO 15872 --- [Movie-Catalog-Service] [main] o.s.cloud.context.scope.GenericScope     : BeanFactory id=498a8d6f-fd8e-3300-9e6a-1a7ff5807965
2025-07-05T12:46:32.223+05:30  INFO 15872 --- [Movie-Catalog-Service] [main] o.s.b.w.embedded.tomcat.TomcatWebServer  : Tomcat initialized with port 7500 (http)
2025-07-05T12:46:32.256+05:30  INFO 15872 --- [Movie-Catalog-Service] [main] o.apache.catalina.core.StandardService   : Starting service [Tomcat]
2025-07-05T12:46:32.264+05:30  INFO 15872 --- [Movie-Catalog-Service] [main] o.apache.catalina.core.StandardEngine    : Starting Servlet engine: [Apache Tomcat/10.1.42]
2025-07-05T12:46:32.375+05:30  INFO 15872 --- [Movie-Catalog-Service] [main] o.a.c.c.C.[Tomcat].[localhost].[/]       : Initializing Spring embedded WebApplicationContext
2025-07-05T12:46:32.375+05:30  INFO 15872 --- [Movie-Catalog-Service] [main] w.s.c.ServletWebServerApplicationContext : Root WebApplicationContext: initialization completed in 2342 ms
2025-07-05T12:46:33.403+05:30  INFO 15872 --- [Movie-Catalog-Service] [main] DiscoveryClientOptionalArgsConfiguration : Eureka HTTP Client uses RestTemplate.
2025-07-05T12:46:33.465+05:30  WARN 15872 --- [Movie-Catalog-Service] [main] iguration$LoadBalancerCaffeineWarnLogger : Spring Cloud LoadBalancer is currently working with the default cache. While this cache implementation is useful for development and tests, it's recommended to use Caffeine cache in production.You can switch to using Caffeine cache, by adding it and org.springframework.cache.caffeine.CaffeineCacheManager to the classpath.
2025-07-05T12:46:33.481+05:30  INFO 15872 --- [Movie-Catalog-Service] [main] o.s.b.a.e.web.EndpointLinksResolver      : Exposing 1 endpoint beneath base path '/actuator'
2025-07-05T12:46:33.585+05:30  INFO 15872 --- [Movie-Catalog-Service] [main] o.s.c.n.eureka.InstanceInfoFactory       : Setting initial instance status as: STARTING
2025-07-05T12:46:33.623+05:30  INFO 15872 --- [Movie-Catalog-Service] [main] com.netflix.discovery.DiscoveryClient    : Initializing Eureka in region us-east-1
2025-07-05T12:46:33.623+05:30  INFO 15872 --- [Movie-Catalog-Service] [main] c.n.d.s.r.aws.ConfigClusterResolver      : Resolving eureka endpoints via configuration
2025-07-05T12:46:33.638+05:30  INFO 15872 --- [Movie-Catalog-Service] [main] com.netflix.discovery.DiscoveryClient    : Disable delta property : false
2025-07-05T12:46:33.638+05:30  INFO 15872 --- [Movie-Catalog-Service] [main] com.netflix.discovery.DiscoveryClient    : Single vip registry refresh property : null
2025-07-05T12:46:33.638+05:30  INFO 15872 --- [Movie-Catalog-Service] [main] com.netflix.discovery.DiscoveryClient    : Force full registry fetch : false
2025-07-05T12:46:33.638+05:30  INFO 15872 --- [Movie-Catalog-Service] [main] com.netflix.discovery.DiscoveryClient    : Application is null : false
2025-07-05T12:46:33.638+05:30  INFO 15872 --- [Movie-Catalog-Service] [main] com.netflix.discovery.DiscoveryClient    : Registered Applications size is zero : true
2025-07-05T12:46:33.638+05:30  INFO 15872 --- [Movie-Catalog-Service] [main] com.netflix.discovery.DiscoveryClient    : Application version is -1: true
2025-07-05T12:46:33.638+05:30  INFO 15872 --- [Movie-Catalog-Service] [main] com.netflix.discovery.DiscoveryClient    : Getting all instance registry info from the eureka server
2025-07-05T12:46:34.094+05:30  INFO 15872 --- [Movie-Catalog-Service] [main] com.netflix.discovery.DiscoveryClient    : The response status is 200
2025-07-05T12:46:34.094+05:30  INFO 15872 --- [Movie-Catalog-Service] [main] com.netflix.discovery.DiscoveryClient    : Starting heartbeat executor: renew interval is: 30
2025-07-05T12:46:34.094+05:30  INFO 15872 --- [Movie-Catalog-Service] [main] c.n.discovery.InstanceInfoReplicator     : InstanceInfoReplicator onDemand update allowed rate per min is 4
2025-07-05T12:46:34.104+05:30  INFO 15872 --- [Movie-Catalog-Service] [main] com.netflix.discovery.DiscoveryClient    : Discovery Client initialized at timestamp 1751699794104 with initial instances count: 0
2025-07-05T12:46:34.104+05:30  INFO 15872 --- [Movie-Catalog-Service] [main] o.s.c.n.e.s.EurekaServiceRegistry        : Registering application MOVIE-CATALOG-SERVICE with eureka with status UP
2025-07-05T12:46:34.104+05:30  INFO 15872 --- [Movie-Catalog-Service] [main] com.netflix.discovery.DiscoveryClient    : Saw local status change event StatusChangeEvent [timestamp=1751699794104, current=UP, previous=STARTING]
2025-07-05T12:46:34.104+05:30  INFO 15872 --- [Movie-Catalog-Service] [DiscoveryClient-InstanceInfoReplicator-%d] com.netflix.discovery.DiscoveryClient    : DiscoveryClient_MOVIE-CATALOG-SERVICE/Krishna-Desktop:Movie-Catalog-Service:7500: registering service...
2025-07-05T12:46:34.140+05:30  INFO 15872 --- [Movie-Catalog-Service] [main] o.s.b.w.embedded.tomcat.TomcatWebServer  : Tomcat started on port 7500 (http) with context path '/'
2025-07-05T12:46:34.140+05:30  INFO 15872 --- [Movie-Catalog-Service] [main] .s.c.n.e.s.EurekaAutoServiceRegistration : Updating port to 7500
2025-07-05T12:46:34.164+05:30  INFO 15872 --- [Movie-Catalog-Service] [DiscoveryClient-InstanceInfoReplicator-%d] com.netflix.discovery.DiscoveryClient    : DiscoveryClient_MOVIE-CATALOG-SERVICE/Krishna-Desktop:Movie-Catalog-Service:7500 - registration status: 204
2025-07-05T12:46:34.175+05:30  INFO 15872 --- [Movie-Catalog-Service] [main] m.MovieCatalogServiceApplication         : Started MovieCatalogServiceApplication in 5.034 seconds (process running for 5.852)
2025-07-05T12:47:04.114+05:30  INFO 15872 --- [Movie-Catalog-Service] [DiscoveryClient-CacheRefreshExecutor-%d] com.netflix.discovery.DiscoveryClient    : Disable delta property : false
2025-07-05T12:47:04.114+05:30  INFO 15872 --- [Movie-Catalog-Service] [DiscoveryClient-CacheRefreshExecutor-%d] com.netflix.discovery.DiscoveryClient    : Single vip registry refresh property : null
2025-07-05T12:47:04.114+05:30  INFO 15872 --- [Movie-Catalog-Service] [DiscoveryClient-CacheRefreshExecutor-%d] com.netflix.discovery.DiscoveryClient    : Force full registry fetch : false
2025-07-05T12:47:04.114+05:30  INFO 15872 --- [Movie-Catalog-Service] [DiscoveryClient-CacheRefreshExecutor-%d] com.netflix.discovery.DiscoveryClient    : Application is null : false
2025-07-05T12:47:04.114+05:30  INFO 15872 --- [Movie-Catalog-Service] [DiscoveryClient-CacheRefreshExecutor-%d] com.netflix.discovery.DiscoveryClient    : Registered Applications size is zero : true
2025-07-05T12:47:04.114+05:30  INFO 15872 --- [Movie-Catalog-Service] [DiscoveryClient-CacheRefreshExecutor-%d] com.netflix.discovery.DiscoveryClient    : Application version is -1: false
2025-07-05T12:47:04.114+05:30  INFO 15872 --- [Movie-Catalog-Service] [DiscoveryClient-CacheRefreshExecutor-%d] com.netflix.discovery.DiscoveryClient    : Getting all instance registry info from the eureka server
2025-07-05T12:47:04.200+05:30  INFO 15872 --- [Movie-Catalog-Service] [DiscoveryClient-CacheRefreshExecutor-%d] com.netflix.discovery.DiscoveryClient    : The response status is 200
2025-07-05T12:47:06.404+05:30  INFO 15872 --- [Movie-Catalog-Service] [SpringApplicationShutdownHook] o.s.c.n.e.s.EurekaServiceRegistry        : Unregistering application MOVIE-CATALOG-SERVICE with eureka with status DOWN
2025-07-05T12:47:06.404+05:30  INFO 15872 --- [Movie-Catalog-Service] [SpringApplicationShutdownHook] com.netflix.discovery.DiscoveryClient    : Saw local status change event StatusChangeEvent [timestamp=1751699826404, current=DOWN, previous=UP]
2025-07-05T12:47:06.404+05:30  INFO 15872 --- [Movie-Catalog-Service] [DiscoveryClient-InstanceInfoReplicator-%d] com.netflix.discovery.DiscoveryClient    : DiscoveryClient_MOVIE-CATALOG-SERVICE/Krishna-Desktop:Movie-Catalog-Service:7500: registering service...
2025-07-05T12:47:06.404+05:30  INFO 15872 --- [Movie-Catalog-Service] [SpringApplicationShutdownHook] o.s.b.w.e.tomcat.GracefulShutdown        : Commencing graceful shutdown. Waiting for active requests to complete
2025-07-05T12:47:06.429+05:30  INFO 15872 --- [Movie-Catalog-Service] [DiscoveryClient-InstanceInfoReplicator-%d] com.netflix.discovery.DiscoveryClient    : DiscoveryClient_MOVIE-CATALOG-SERVICE/Krishna-Desktop:Movie-Catalog-Service:7500 - registration status: 204
2025-07-05T12:47:06.433+05:30  INFO 15872 --- [Movie-Catalog-Service] [tomcat-shutdown] o.s.b.w.e.tomcat.GracefulShutdown        : Graceful shutdown complete
2025-07-05T12:47:06.451+05:30  INFO 15872 --- [Movie-Catalog-Service] [SpringApplicationShutdownHook] com.netflix.discovery.DiscoveryClient    : Shutting down DiscoveryClient ...
2025-07-05T12:47:09.475+05:30  INFO 15872 --- [Movie-Catalog-Service] [SpringApplicationShutdownHook] com.netflix.discovery.DiscoveryClient    : Unregistering ...
2025-07-05T12:47:09.493+05:30  INFO 15872 --- [Movie-Catalog-Service] [SpringApplicationShutdownHook] com.netflix.discovery.DiscoveryClient    : DiscoveryClient_MOVIE-CATALOG-SERVICE/Krishna-Desktop:Movie-Catalog-Service:7500 - deregister  status: 200
2025-07-05T12:47:09.493+05:30  INFO 15872 --- [Movie-Catalog-Service] [SpringApplicationShutdownHook] com.netflix.discovery.DiscoveryClient    : Completed shut down of DiscoveryClient
2025-07-05T12:47:12.630+05:30  INFO 17068 --- [Movie-Catalog-Service] [main] m.MovieCatalogServiceApplication         : Starting MovieCatalogServiceApplication using Java 21.0.6 with PID 17068 (D:\JavaProjects\SpringBootProjects\Movie-Catalog\target\classes started by Kiran in D:\JavaProjects\SpringBootProjects\Movie-Catalog)
2025-07-05T12:47:12.640+05:30  INFO 17068 --- [Movie-Catalog-Service] [main] m.MovieCatalogServiceApplication         : No active profile set, falling back to 1 default profile: "default"
2025-07-05T12:47:14.259+05:30  INFO 17068 --- [Movie-Catalog-Service] [main] o.s.cloud.context.scope.GenericScope     : BeanFactory id=498a8d6f-fd8e-3300-9e6a-1a7ff5807965
2025-07-05T12:47:14.663+05:30  INFO 17068 --- [Movie-Catalog-Service] [main] o.s.b.w.embedded.tomcat.TomcatWebServer  : Tomcat initialized with port 7500 (http)
2025-07-05T12:47:14.679+05:30  INFO 17068 --- [Movie-Catalog-Service] [main] o.apache.catalina.core.StandardService   : Starting service [Tomcat]
2025-07-05T12:47:14.679+05:30  INFO 17068 --- [Movie-Catalog-Service] [main] o.apache.catalina.core.StandardEngine    : Starting Servlet engine: [Apache Tomcat/10.1.42]
2025-07-05T12:47:14.748+05:30  INFO 17068 --- [Movie-Catalog-Service] [main] o.a.c.c.C.[Tomcat].[localhost].[/]       : Initializing Spring embedded WebApplicationContext
2025-07-05T12:47:14.748+05:30  INFO 17068 --- [Movie-Catalog-Service] [main] w.s.c.ServletWebServerApplicationContext : Root WebApplicationContext: initialization completed in 2037 ms
2025-07-05T12:47:15.935+05:30  INFO 17068 --- [Movie-Catalog-Service] [main] DiscoveryClientOptionalArgsConfiguration : Eureka HTTP Client uses RestTemplate.
2025-07-05T12:47:16.015+05:30  WARN 17068 --- [Movie-Catalog-Service] [main] iguration$LoadBalancerCaffeineWarnLogger : Spring Cloud LoadBalancer is currently working with the default cache. While this cache implementation is useful for development and tests, it's recommended to use Caffeine cache in production.You can switch to using Caffeine cache, by adding it and org.springframework.cache.caffeine.CaffeineCacheManager to the classpath.
2025-07-05T12:47:16.031+05:30  INFO 17068 --- [Movie-Catalog-Service] [main] o.s.b.a.e.web.EndpointLinksResolver      : Exposing 1 endpoint beneath base path '/actuator'
2025-07-05T12:47:16.136+05:30  INFO 17068 --- [Movie-Catalog-Service] [main] o.s.c.n.eureka.InstanceInfoFactory       : Setting initial instance status as: STARTING
2025-07-05T12:47:16.441+05:30  INFO 17068 --- [Movie-Catalog-Service] [main] com.netflix.discovery.DiscoveryClient    : Initializing Eureka in region us-east-1
2025-07-05T12:47:16.493+05:30  INFO 17068 --- [Movie-Catalog-Service] [main] c.n.d.s.r.aws.ConfigClusterResolver      : Resolving eureka endpoints via configuration
2025-07-05T12:47:16.880+05:30  INFO 17068 --- [Movie-Catalog-Service] [main] com.netflix.discovery.DiscoveryClient    : Disable delta property : false
2025-07-05T12:47:16.881+05:30  INFO 17068 --- [Movie-Catalog-Service] [main] com.netflix.discovery.DiscoveryClient    : Single vip registry refresh property : null
2025-07-05T12:47:16.881+05:30  INFO 17068 --- [Movie-Catalog-Service] [main] com.netflix.discovery.DiscoveryClient    : Force full registry fetch : false
2025-07-05T12:47:16.881+05:30  INFO 17068 --- [Movie-Catalog-Service] [main] com.netflix.discovery.DiscoveryClient    : Application is null : false
2025-07-05T12:47:16.881+05:30  INFO 17068 --- [Movie-Catalog-Service] [main] com.netflix.discovery.DiscoveryClient    : Registered Applications size is zero : true
2025-07-05T12:47:16.881+05:30  INFO 17068 --- [Movie-Catalog-Service] [main] com.netflix.discovery.DiscoveryClient    : Application version is -1: true
2025-07-05T12:47:16.882+05:30  INFO 17068 --- [Movie-Catalog-Service] [main] com.netflix.discovery.DiscoveryClient    : Getting all instance registry info from the eureka server
2025-07-05T12:47:17.566+05:30  INFO 17068 --- [Movie-Catalog-Service] [main] com.netflix.discovery.DiscoveryClient    : The response status is 200
2025-07-05T12:47:17.590+05:30  INFO 17068 --- [Movie-Catalog-Service] [main] com.netflix.discovery.DiscoveryClient    : Starting heartbeat executor: renew interval is: 30
2025-07-05T12:47:17.592+05:30  INFO 17068 --- [Movie-Catalog-Service] [main] c.n.discovery.InstanceInfoReplicator     : InstanceInfoReplicator onDemand update allowed rate per min is 4
2025-07-05T12:47:17.593+05:30  INFO 17068 --- [Movie-Catalog-Service] [main] com.netflix.discovery.DiscoveryClient    : Discovery Client initialized at timestamp 1751699837592 with initial instances count: 1
2025-07-05T12:47:17.598+05:30  INFO 17068 --- [Movie-Catalog-Service] [main] o.s.c.n.e.s.EurekaServiceRegistry        : Registering application MOVIE-CATALOG-SERVICE with eureka with status UP
2025-07-05T12:47:17.613+05:30  INFO 17068 --- [Movie-Catalog-Service] [main] com.netflix.discovery.DiscoveryClient    : Saw local status change event StatusChangeEvent [timestamp=1751699837613, current=UP, previous=STARTING]
2025-07-05T12:47:17.655+05:30  INFO 17068 --- [Movie-Catalog-Service] [DiscoveryClient-InstanceInfoReplicator-%d] com.netflix.discovery.DiscoveryClient    : DiscoveryClient_MOVIE-CATALOG-SERVICE/Krishna-Desktop:Movie-Catalog-Service:7500: registering service...
2025-07-05T12:47:17.672+05:30  INFO 17068 --- [Movie-Catalog-Service] [main] o.s.b.w.embedded.tomcat.TomcatWebServer  : Tomcat started on port 7500 (http) with context path '/'
2025-07-05T12:47:17.673+05:30  INFO 17068 --- [Movie-Catalog-Service] [main] .s.c.n.e.s.EurekaAutoServiceRegistration : Updating port to 7500
2025-07-05T12:47:17.730+05:30  INFO 17068 --- [Movie-Catalog-Service] [main] m.MovieCatalogServiceApplication         : Started MovieCatalogServiceApplication in 5.822 seconds (process running for 6.652)
2025-07-05T12:47:17.736+05:30  INFO 17068 --- [Movie-Catalog-Service] [DiscoveryClient-InstanceInfoReplicator-%d] com.netflix.discovery.DiscoveryClient    : DiscoveryClient_MOVIE-CATALOG-SERVICE/Krishna-Desktop:Movie-Catalog-Service:7500 - registration status: 204
2025-07-05T12:52:16.900+05:30  INFO 17068 --- [Movie-Catalog-Service] [AsyncResolver-bootstrap-executor-%d] c.n.d.s.r.aws.ConfigClusterResolver      : Resolving eureka endpoints via configuration
2025-07-05T12:55:42.772+05:30  INFO 17068 --- [Movie-Catalog-Service] [SpringApplicationShutdownHook] o.s.c.n.e.s.EurekaServiceRegistry        : Unregistering application MOVIE-CATALOG-SERVICE with eureka with status DOWN
2025-07-05T12:55:42.772+05:30  INFO 17068 --- [Movie-Catalog-Service] [SpringApplicationShutdownHook] com.netflix.discovery.DiscoveryClient    : Saw local status change event StatusChangeEvent [timestamp=1751700342772, current=DOWN, previous=UP]
2025-07-05T12:55:42.772+05:30  INFO 17068 --- [Movie-Catalog-Service] [DiscoveryClient-InstanceInfoReplicator-%d] com.netflix.discovery.DiscoveryClient    : DiscoveryClient_MOVIE-CATALOG-SERVICE/Krishna-Desktop:Movie-Catalog-Service:7500: registering service...
2025-07-05T12:55:42.772+05:30  INFO 17068 --- [Movie-Catalog-Service] [SpringApplicationShutdownHook] o.s.b.w.e.tomcat.GracefulShutdown        : Commencing graceful shutdown. Waiting for active requests to complete
2025-07-05T12:55:42.772+05:30  INFO 17068 --- [Movie-Catalog-Service] [tomcat-shutdown] o.s.b.w.e.tomcat.GracefulShutdown        : Graceful shutdown complete
2025-07-05T12:55:42.794+05:30  INFO 17068 --- [Movie-Catalog-Service] [DiscoveryClient-InstanceInfoReplicator-%d] com.netflix.discovery.DiscoveryClient    : DiscoveryClient_MOVIE-CATALOG-SERVICE/Krishna-Desktop:Movie-Catalog-Service:7500 - registration status: 204
2025-07-05T12:55:42.810+05:30  INFO 17068 --- [Movie-Catalog-Service] [SpringApplicationShutdownHook] com.netflix.discovery.DiscoveryClient    : Shutting down DiscoveryClient ...
2025-07-05T12:55:45.833+05:30  INFO 17068 --- [Movie-Catalog-Service] [SpringApplicationShutdownHook] com.netflix.discovery.DiscoveryClient    : Unregistering ...
2025-07-05T12:55:45.848+05:30  INFO 17068 --- [Movie-Catalog-Service] [SpringApplicationShutdownHook] com.netflix.discovery.DiscoveryClient    : DiscoveryClient_MOVIE-CATALOG-SERVICE/Krishna-Desktop:Movie-Catalog-Service:7500 - deregister  status: 200
2025-07-05T12:55:45.848+05:30  INFO 17068 --- [Movie-Catalog-Service] [SpringApplicationShutdownHook] com.netflix.discovery.DiscoveryClient    : Completed shut down of DiscoveryClient
